<?xml version="1.0" encoding="UTF-8"?>
<testng-results ignored="0" total="1" passed="1" failed="0" skipped="0">
  <reporter-output>
  </reporter-output>
  <suite started-at="2024-02-02T15:39:48 IST" name="Suite" finished-at="2024-02-02T15:39:59 IST" duration-ms="11413">
    <groups>
    </groups>
    <test started-at="2024-02-02T15:39:48 IST" name="Test" finished-at="2024-02-02T15:39:59 IST" duration-ms="11413">
      <class name="booking.TatkalBooking">
        <test-method is-config="true" signature="prerequisite()[pri:0, instance:booking.TatkalBooking@48b67364]" started-at="2024-02-02T15:39:48 IST" name="prerequisite" finished-at="2024-02-02T15:39:49 IST" duration-ms="1136" status="PASS">
          <reporter-output>
          </reporter-output>
        </test-method> <!-- prerequisite -->
        <test-method signature="doBooking()[pri:0, instance:booking.TatkalBooking@48b67364]" started-at="2024-02-02T15:39:49 IST" name="doBooking" finished-at="2024-02-02T15:39:59 IST" duration-ms="10247" status="PASS">
          <reporter-output>
          </reporter-output>
        </test-method> <!-- doBooking -->
      </class> <!-- booking.TatkalBooking -->
    </test> <!-- Test -->
  </suite> <!-- Suite -->
</testng-results>
